2024-12-16T01:01:14.156+08:00  INFO 8300 --- [Java_study_project] [RMI TCP Connection(159)-127.0.0.1] inMXBeanRegistrar$SpringApplicationAdmin : Application shutdown requested.
2024-12-16T01:01:14.386+08:00  INFO 8300 --- [Java_study_project] [RMI TCP Connection(159)-127.0.0.1] j.LocalContainerEntityManagerFactoryBean : Closing JPA EntityManagerFactory for persistence unit 'default'
2024-12-16T01:01:14.418+08:00  INFO 8300 --- [Java_study_project] [RMI TCP Connection(159)-127.0.0.1] com.zaxxer.hikari.HikariDataSource       : HikariPool-1 - Shutdown initiated...
2024-12-16T01:01:14.427+08:00  INFO 8300 --- [Java_study_project] [RMI TCP Connection(159)-127.0.0.1] com.zaxxer.hikari.HikariDataSource       : HikariPool-1 - Shutdown completed.
2024-12-16T01:07:59.374+08:00  INFO 31208 --- [Java_study_project] [main] c.e.demo.JavaStudyProjectApplication     : Starting JavaStudyProjectApplication using Java 21.0.4 with PID 31208 (C:\Users\USER\Desktop\Java_Class\Java_study_project\target\classes started by USER in C:\Users\USER\Desktop\Java_Class\Java_study_project)
2024-12-16T01:07:59.379+08:00  INFO 31208 --- [Java_study_project] [main] c.e.demo.JavaStudyProjectApplication     : No active profile set, falling back to 1 default profile: "default"
2024-12-16T01:08:00.877+08:00  INFO 31208 --- [Java_study_project] [main] .s.d.r.c.RepositoryConfigurationDelegate : Bootstrapping Spring Data JPA repositories in DEFAULT mode.
2024-12-16T01:08:01.065+08:00  INFO 31208 --- [Java_study_project] [main] .s.d.r.c.RepositoryConfigurationDelegate : Finished Spring Data repository scanning in 173 ms. Found 9 JPA repository interfaces.
2024-12-16T01:08:02.271+08:00  INFO 31208 --- [Java_study_project] [main] o.s.b.w.embedded.tomcat.TomcatWebServer  : Tomcat initialized with port 9001 (http)
2024-12-16T01:08:02.308+08:00  INFO 31208 --- [Java_study_project] [main] o.apache.catalina.core.StandardService   : Starting service [Tomcat]
2024-12-16T01:08:02.309+08:00  INFO 31208 --- [Java_study_project] [main] o.apache.catalina.core.StandardEngine    : Starting Servlet engine: [Apache Tomcat/10.1.31]
2024-12-16T01:08:02.855+08:00  INFO 31208 --- [Java_study_project] [main] org.apache.jasper.servlet.TldScanner     : At least one JAR was scanned for TLDs yet contained no TLDs. Enable debug logging for this logger for a complete list of JARs that were scanned but no TLDs were found in them. Skipping unneeded JARs during scanning can improve startup time and JSP compilation time.
2024-12-16T01:08:02.875+08:00  INFO 31208 --- [Java_study_project] [main] o.a.c.c.C.[Tomcat].[localhost].[/]       : Initializing Spring embedded WebApplicationContext
2024-12-16T01:08:02.876+08:00  INFO 31208 --- [Java_study_project] [main] w.s.c.ServletWebServerApplicationContext : Root WebApplicationContext: initialization completed in 3388 ms
2024-12-16T01:08:03.238+08:00  INFO 31208 --- [Java_study_project] [main] o.hibernate.jpa.internal.util.LogHelper  : HHH000204: Processing PersistenceUnitInfo [name: default]
2024-12-16T01:08:03.377+08:00  INFO 31208 --- [Java_study_project] [main] org.hibernate.Version                    : HHH000412: Hibernate ORM core version 6.5.3.Final
2024-12-16T01:08:03.482+08:00  INFO 31208 --- [Java_study_project] [main] o.h.c.internal.RegionFactoryInitiator    : HHH000026: Second-level cache disabled
2024-12-16T01:08:04.148+08:00  INFO 31208 --- [Java_study_project] [main] o.s.o.j.p.SpringPersistenceUnitInfo      : No LoadTimeWeaver setup: ignoring JPA class transformer
2024-12-16T01:08:04.223+08:00  INFO 31208 --- [Java_study_project] [main] com.zaxxer.hikari.HikariDataSource       : HikariPool-1 - Starting...
2024-12-16T01:08:04.508+08:00  INFO 31208 --- [Java_study_project] [main] com.zaxxer.hikari.pool.HikariPool        : HikariPool-1 - Added connection com.mysql.cj.jdbc.ConnectionImpl@365e65bb
2024-12-16T01:08:04.511+08:00  INFO 31208 --- [Java_study_project] [main] com.zaxxer.hikari.HikariDataSource       : HikariPool-1 - Start completed.
2024-12-16T01:08:07.359+08:00  INFO 31208 --- [Java_study_project] [main] o.h.e.t.j.p.i.JtaPlatformInitiator       : HHH000489: No JTA platform available (set 'hibernate.transaction.jta.platform' to enable JTA platform integration)
2024-12-16T01:08:07.784+08:00  INFO 31208 --- [Java_study_project] [main] j.LocalContainerEntityManagerFactoryBean : Initialized JPA EntityManagerFactory for persistence unit 'default'
2024-12-16T01:08:08.446+08:00  WARN 31208 --- [Java_study_project] [main] JpaBaseConfiguration$JpaWebConfiguration : spring.jpa.open-in-view is enabled by default. Therefore, database queries may be performed during view rendering. Explicitly configure spring.jpa.open-in-view to disable this warning
2024-12-16T01:08:09.426+08:00  INFO 31208 --- [Java_study_project] [main] o.s.b.w.embedded.tomcat.TomcatWebServer  : Tomcat started on port 9001 (http) with context path '/'
2024-12-16T01:08:09.445+08:00  INFO 31208 --- [Java_study_project] [main] c.e.demo.JavaStudyProjectApplication     : Started JavaStudyProjectApplication in 11.11 seconds (process running for 12.764)
2024-12-16T01:14:05.067+08:00  INFO 31208 --- [Java_study_project] [http-nio-9001-exec-1] o.a.c.c.C.[Tomcat].[localhost].[/]       : Initializing Spring DispatcherServlet 'dispatcherServlet'
2024-12-16T01:14:05.068+08:00  INFO 31208 --- [Java_study_project] [http-nio-9001-exec-1] o.s.web.servlet.DispatcherServlet        : Initializing Servlet 'dispatcherServlet'
2024-12-16T01:14:05.071+08:00  INFO 31208 --- [Java_study_project] [http-nio-9001-exec-1] o.s.web.servlet.DispatcherServlet        : Completed initialization in 3 ms
2024-12-16T01:25:56.502+08:00  INFO 31208 --- [Java_study_project] [RMI TCP Connection(27)-127.0.0.1] inMXBeanRegistrar$SpringApplicationAdmin : Application shutdown requested.
2024-12-16T01:25:56.527+08:00  INFO 31208 --- [Java_study_project] [RMI TCP Connection(27)-127.0.0.1] j.LocalContainerEntityManagerFactoryBean : Closing JPA EntityManagerFactory for persistence unit 'default'
2024-12-16T01:25:56.530+08:00  INFO 31208 --- [Java_study_project] [RMI TCP Connection(27)-127.0.0.1] com.zaxxer.hikari.HikariDataSource       : HikariPool-1 - Shutdown initiated...
2024-12-16T01:25:56.544+08:00  INFO 31208 --- [Java_study_project] [RMI TCP Connection(27)-127.0.0.1] com.zaxxer.hikari.HikariDataSource       : HikariPool-1 - Shutdown completed.
2024-12-16T01:26:03.098+08:00  INFO 33408 --- [Java_study_project] [main] c.e.demo.JavaStudyProjectApplication     : Starting JavaStudyProjectApplication using Java 21.0.4 with PID 33408 (C:\Users\USER\Desktop\Java_Class\Java_study_project\target\classes started by USER in C:\Users\USER\Desktop\Java_Class\Java_study_project)
2024-12-16T01:26:03.105+08:00  INFO 33408 --- [Java_study_project] [main] c.e.demo.JavaStudyProjectApplication     : No active profile set, falling back to 1 default profile: "default"
2024-12-16T01:26:05.250+08:00  INFO 33408 --- [Java_study_project] [main] .s.d.r.c.RepositoryConfigurationDelegate : Bootstrapping Spring Data JPA repositories in DEFAULT mode.
2024-12-16T01:26:05.531+08:00  INFO 33408 --- [Java_study_project] [main] .s.d.r.c.RepositoryConfigurationDelegate : Finished Spring Data repository scanning in 259 ms. Found 9 JPA repository interfaces.
2024-12-16T01:26:06.978+08:00  INFO 33408 --- [Java_study_project] [main] o.s.b.w.embedded.tomcat.TomcatWebServer  : Tomcat initialized with port 9001 (http)
2024-12-16T01:26:07.015+08:00  INFO 33408 --- [Java_study_project] [main] o.apache.catalina.core.StandardService   : Starting service [Tomcat]
2024-12-16T01:26:07.016+08:00  INFO 33408 --- [Java_study_project] [main] o.apache.catalina.core.StandardEngine    : Starting Servlet engine: [Apache Tomcat/10.1.31]
2024-12-16T01:26:07.474+08:00  INFO 33408 --- [Java_study_project] [main] org.apache.jasper.servlet.TldScanner     : At least one JAR was scanned for TLDs yet contained no TLDs. Enable debug logging for this logger for a complete list of JARs that were scanned but no TLDs were found in them. Skipping unneeded JARs during scanning can improve startup time and JSP compilation time.
2024-12-16T01:26:07.488+08:00  INFO 33408 --- [Java_study_project] [main] o.a.c.c.C.[Tomcat].[localhost].[/]       : Initializing Spring embedded WebApplicationContext
2024-12-16T01:26:07.489+08:00  INFO 33408 --- [Java_study_project] [main] w.s.c.ServletWebServerApplicationContext : Root WebApplicationContext: initialization completed in 4235 ms
2024-12-16T01:26:07.887+08:00  INFO 33408 --- [Java_study_project] [main] o.hibernate.jpa.internal.util.LogHelper  : HHH000204: Processing PersistenceUnitInfo [name: default]
2024-12-16T01:26:08.040+08:00  INFO 33408 --- [Java_study_project] [main] org.hibernate.Version                    : HHH000412: Hibernate ORM core version 6.5.3.Final
2024-12-16T01:26:08.146+08:00  INFO 33408 --- [Java_study_project] [main] o.h.c.internal.RegionFactoryInitiator    : HHH000026: Second-level cache disabled
2024-12-16T01:26:08.951+08:00  INFO 33408 --- [Java_study_project] [main] o.s.o.j.p.SpringPersistenceUnitInfo      : No LoadTimeWeaver setup: ignoring JPA class transformer
2024-12-16T01:26:09.043+08:00  INFO 33408 --- [Java_study_project] [main] com.zaxxer.hikari.HikariDataSource       : HikariPool-1 - Starting...
2024-12-16T01:26:09.435+08:00  INFO 33408 --- [Java_study_project] [main] com.zaxxer.hikari.pool.HikariPool        : HikariPool-1 - Added connection com.mysql.cj.jdbc.ConnectionImpl@6a6e9289
2024-12-16T01:26:09.440+08:00  INFO 33408 --- [Java_study_project] [main] com.zaxxer.hikari.HikariDataSource       : HikariPool-1 - Start completed.
2024-12-16T01:26:11.884+08:00  INFO 33408 --- [Java_study_project] [main] o.h.e.t.j.p.i.JtaPlatformInitiator       : HHH000489: No JTA platform available (set 'hibernate.transaction.jta.platform' to enable JTA platform integration)
2024-12-16T01:26:12.436+08:00  INFO 33408 --- [Java_study_project] [main] j.LocalContainerEntityManagerFactoryBean : Initialized JPA EntityManagerFactory for persistence unit 'default'
2024-12-16T01:26:13.244+08:00  WARN 33408 --- [Java_study_project] [main] JpaBaseConfiguration$JpaWebConfiguration : spring.jpa.open-in-view is enabled by default. Therefore, database queries may be performed during view rendering. Explicitly configure spring.jpa.open-in-view to disable this warning
2024-12-16T01:26:14.060+08:00  INFO 33408 --- [Java_study_project] [main] o.s.b.w.embedded.tomcat.TomcatWebServer  : Tomcat started on port 9001 (http) with context path '/'
2024-12-16T01:26:14.073+08:00  INFO 33408 --- [Java_study_project] [main] c.e.demo.JavaStudyProjectApplication     : Started JavaStudyProjectApplication in 12.274 seconds (process running for 14.714)
2024-12-16T01:26:24.886+08:00  INFO 33408 --- [Java_study_project] [http-nio-9001-exec-1] o.a.c.c.C.[Tomcat].[localhost].[/]       : Initializing Spring DispatcherServlet 'dispatcherServlet'
2024-12-16T01:26:24.886+08:00  INFO 33408 --- [Java_study_project] [http-nio-9001-exec-1] o.s.web.servlet.DispatcherServlet        : Initializing Servlet 'dispatcherServlet'
2024-12-16T01:26:24.888+08:00  INFO 33408 --- [Java_study_project] [http-nio-9001-exec-1] o.s.web.servlet.DispatcherServlet        : Completed initialization in 1 ms
2024-12-16T01:27:07.620+08:00  INFO 33408 --- [Java_study_project] [RMI TCP Connection(9)-127.0.0.1] inMXBeanRegistrar$SpringApplicationAdmin : Application shutdown requested.
2024-12-16T01:27:07.647+08:00  INFO 33408 --- [Java_study_project] [RMI TCP Connection(9)-127.0.0.1] j.LocalContainerEntityManagerFactoryBean : Closing JPA EntityManagerFactory for persistence unit 'default'
2024-12-16T01:27:07.651+08:00  INFO 33408 --- [Java_study_project] [RMI TCP Connection(9)-127.0.0.1] com.zaxxer.hikari.HikariDataSource       : HikariPool-1 - Shutdown initiated...
2024-12-16T01:27:07.665+08:00  INFO 33408 --- [Java_study_project] [RMI TCP Connection(9)-127.0.0.1] com.zaxxer.hikari.HikariDataSource       : HikariPool-1 - Shutdown completed.
